[debug] [2018-07-15T17:30:04.433Z] ----------------------------------------------------------------------
[debug] [2018-07-15T17:30:04.435Z] Command:       /usr/local/bin/node /usr/local/bin/firebase deploy
[debug] [2018-07-15T17:30:04.435Z] CLI Version:   3.19.3
[debug] [2018-07-15T17:30:04.435Z] Platform:      darwin
[debug] [2018-07-15T17:30:04.435Z] Node Version:  v8.11.2
[debug] [2018-07-15T17:30:04.435Z] Time:          Mon Jul 16 2018 02:30:04 GMT+0900 (JST)
[debug] [2018-07-15T17:30:04.436Z] ----------------------------------------------------------------------
[debug] 
[debug] [2018-07-15T17:30:04.448Z] > command requires scopes: ["email","openid","https://www.googleapis.com/auth/cloudplatformprojects.readonly","https://www.googleapis.com/auth/firebase","https://www.googleapis.com/auth/cloud-platform"]
[debug] [2018-07-15T17:30:04.448Z] > authorizing via signed-in user
[debug] [2018-07-15T17:30:04.450Z] >>> HTTP REQUEST GET https://admin.firebase.com/v1/projects/kazeapp  
  
 Mon Jul 16 2018 02:30:04 GMT+0900 (JST)
[debug] [2018-07-15T17:30:05.286Z] <<< HTTP RESPONSE 200
[debug] [2018-07-15T17:30:05.287Z] >>> HTTP REQUEST GET https://admin.firebase.com/v1/database/kazeapp/tokens  
  
 Mon Jul 16 2018 02:30:05 GMT+0900 (JST)
[debug] [2018-07-15T17:30:05.840Z] <<< HTTP RESPONSE 200
[info] 
[info] === Deploying to 'kazeapp'...
[info] 
[info] i  deploying database, storage, firestore, functions, hosting
[info] Running command: npm --prefix "$RESOURCE_DIR" run lint
[info] ✔  functions: Finished running predeploy script.
[info] i  database: checking rules syntax...
[debug] [2018-07-15T17:30:10.170Z] >>> HTTP REQUEST PUT https://kazeapp.firebaseio.com/.settings/rules.json?dryRun=true  
 {
  "rules": {
    ".read": "auth != null",
    ".write": "auth != null"
  }
} 
 Mon Jul 16 2018 02:30:10 GMT+0900 (JST)
[debug] [2018-07-15T17:30:10.928Z] <<< HTTP RESPONSE 200
[info] ✔  database: rules syntax for database kazeapp is valid
[debug] [2018-07-15T17:30:10.930Z] >>> HTTP REQUEST GET https://appengine.googleapis.com/v1/apps/kazeapp  
  
 Mon Jul 16 2018 02:30:10 GMT+0900 (JST)
[debug] [2018-07-15T17:30:11.990Z] <<< HTTP RESPONSE 200
[info] i  storage: checking storage.rules for compilation errors...
[debug] [2018-07-15T17:30:11.995Z] >>> HTTP REQUEST POST https://firebaserules.googleapis.com/v1/projects/kazeapp:test  
 { source: { files: [ [Object] ] } } 
 Mon Jul 16 2018 02:30:11 GMT+0900 (JST)
[debug] [2018-07-15T17:30:13.308Z] <<< HTTP RESPONSE 200
[info] ✔  storage: rules file storage.rules compiled successfully
[info] i  firestore: checking firestore.rules for compilation errors...
[debug] [2018-07-15T17:30:13.314Z] >>> HTTP REQUEST POST https://firebaserules.googleapis.com/v1/projects/kazeapp:test  
 { source: { files: [ [Object] ] } } 
 Mon Jul 16 2018 02:30:13 GMT+0900 (JST)
[debug] [2018-07-15T17:30:14.509Z] <<< HTTP RESPONSE 200
[info] ✔  firestore: rules file firestore.rules compiled successfully
[debug] [2018-07-15T17:30:14.511Z] > [functions] package.json contents: {
  "name": "functions",
  "description": "Cloud Functions for Firebase",
  "scripts": {
    "lint": "eslint .",
    "serve": "firebase serve --only functions",
    "shell": "firebase functions:shell",
    "start": "npm run shell",
    "deploy": "firebase deploy --only functions",
    "logs": "firebase functions:log"
  },
  "dependencies": {
    "firebase-admin": "~5.12.1",
    "firebase-functions": "^1.0.3"
  },
  "devDependencies": {
    "eslint": "^4.12.0",
    "eslint-plugin-promise": "^3.6.0"
  },
  "private": true
}
[info] i  functions: ensuring necessary APIs are enabled...
[debug] [2018-07-15T17:30:14.512Z] >>> HTTP REQUEST GET https://servicemanagement.googleapis.com/v1/services/cloudfunctions.googleapis.com/projectSettings/kazeapp?view=CONSUMER_VIEW  
  
 Mon Jul 16 2018 02:30:14 GMT+0900 (JST)
[debug] [2018-07-15T17:30:14.513Z] >>> HTTP REQUEST GET https://servicemanagement.googleapis.com/v1/services/runtimeconfig.googleapis.com/projectSettings/kazeapp?view=CONSUMER_VIEW  
  
 Mon Jul 16 2018 02:30:14 GMT+0900 (JST)
[debug] [2018-07-15T17:30:15.820Z] <<< HTTP RESPONSE 200
[info] ✔  functions: all necessary APIs are enabled
[debug] [2018-07-15T17:30:15.842Z] <<< HTTP RESPONSE 200
[debug] [2018-07-15T17:30:15.843Z] >>> HTTP REQUEST GET https://cloudresourcemanager.googleapis.com/v1/projects/kazeapp  
  
 Mon Jul 16 2018 02:30:15 GMT+0900 (JST)
[debug] [2018-07-15T17:30:16.651Z] <<< HTTP RESPONSE 200
[debug] [2018-07-15T17:30:16.652Z] >>> HTTP REQUEST GET https://mobilesdk-pa.googleapis.com/v1/projects/92317655588:getServerAppConfig  
  
 Mon Jul 16 2018 02:30:16 GMT+0900 (JST)
[debug] [2018-07-15T17:30:17.325Z] <<< HTTP RESPONSE 200
[info] i  storage: uploading rules storage.rules...
[debug] [2018-07-15T17:30:17.328Z] >>> HTTP REQUEST POST https://firebaserules.googleapis.com/v1/projects/kazeapp/rulesets  
 { source: { files: [ [Object] ] } } 
 Mon Jul 16 2018 02:30:17 GMT+0900 (JST)
[debug] [2018-07-15T17:30:18.579Z] <<< HTTP RESPONSE 200
[debug] [2018-07-15T17:30:18.579Z] [rules] created ruleset projects/kazeapp/rulesets/55d0fa4f-8650-456a-8a1b-a9eea8bd6460
[info] i  firestore: uploading rules firestore.rules...
[debug] [2018-07-15T17:30:18.581Z] >>> HTTP REQUEST POST https://firebaserules.googleapis.com/v1/projects/kazeapp/rulesets  
 { source: { files: [ [Object] ] } } 
 Mon Jul 16 2018 02:30:18 GMT+0900 (JST)
[debug] [2018-07-15T17:30:18.582Z] >>> HTTP REQUEST GET https://firestore.googleapis.com/v1beta1/projects/kazeapp/databases/(default)/indexes  
  
 Mon Jul 16 2018 02:30:18 GMT+0900 (JST)
[debug] [2018-07-15T17:30:19.397Z] <<< HTTP RESPONSE 200
[debug] [2018-07-15T17:30:19.827Z] <<< HTTP RESPONSE 200
[debug] [2018-07-15T17:30:19.827Z] [rules] created ruleset projects/kazeapp/rulesets/37a35bab-37fa-4c03-b0da-e6126da56b43
[info] i  functions: preparing functions directory for uploading...
[debug] [2018-07-15T17:30:19.828Z] >>> HTTP REQUEST GET https://runtimeconfig.googleapis.com/v1beta1/projects/kazeapp/configs  
  
 Mon Jul 16 2018 02:30:19 GMT+0900 (JST)
[debug] [2018-07-15T17:30:20.237Z] <<< HTTP RESPONSE 200
[info] i  hosting: preparing public directory for upload...
[debug] [2018-07-15T17:30:20.457Z] >>> HTTP REQUEST PUT https://deploy.firebase.com/v1/hosting/kazeapp/uploads/-LHTzYJdFLAGdFkbtJu-?fileCount=3&message=  
  
 Mon Jul 16 2018 02:30:20 GMT+0900 (JST)
[debug] [2018-07-15T17:30:21.250Z] <<< HTTP RESPONSE 200
[debug] [2018-07-15T17:30:21.250Z] [hosting] .tgz uploaded successfully, waiting for extraction
[info] ✔  hosting: 3 files uploaded successfully
[debug] [2018-07-15T17:30:21.787Z] [hosting] deploy completed after 1376ms
[info] i  database: releasing rules...
[debug] [2018-07-15T17:30:21.909Z] >>> HTTP REQUEST PUT https://kazeapp.firebaseio.com/.settings/rules.json  
 {
  "rules": {
    ".read": "auth != null",
    ".write": "auth != null"
  }
} 
 Mon Jul 16 2018 02:30:21 GMT+0900 (JST)
[debug] [2018-07-15T17:30:22.491Z] <<< HTTP RESPONSE 200
[info] ✔  database: rules for database kazeapp released successfully
[debug] [2018-07-15T17:30:22.492Z] [rules] releasing firebase.storage/kazeapp.appspot.com with ruleset projects/kazeapp/rulesets/55d0fa4f-8650-456a-8a1b-a9eea8bd6460
[debug] [2018-07-15T17:30:22.493Z] >>> HTTP REQUEST PATCH https://firebaserules.googleapis.com/v1/projects/kazeapp/releases/firebase.storage/kazeapp.appspot.com  
 { release: 
   { name: 'projects/kazeapp/releases/firebase.storage/kazeapp.appspot.com',
     rulesetName: 'projects/kazeapp/rulesets/55d0fa4f-8650-456a-8a1b-a9eea8bd6460' } } 
 Mon Jul 16 2018 02:30:22 GMT+0900 (JST)
[debug] [2018-07-15T17:30:22.782Z] <<< HTTP RESPONSE 404
[debug] [2018-07-15T17:30:22.784Z] <<< HTTP RESPONSE BODY
[debug] [2018-07-15T17:30:22.785Z] [rules] ruleset update failed, attempting to create instead
[debug] [2018-07-15T17:30:22.785Z] >>> HTTP REQUEST POST https://firebaserules.googleapis.com/v1/projects/kazeapp/releases  
 { name: 'projects/kazeapp/releases/firebase.storage/kazeapp.appspot.com',
  rulesetName: 'projects/kazeapp/rulesets/55d0fa4f-8650-456a-8a1b-a9eea8bd6460' } 
 Mon Jul 16 2018 02:30:22 GMT+0900 (JST)
[debug] [2018-07-15T17:30:23.192Z] <<< HTTP RESPONSE 200
[debug] [2018-07-15T17:30:23.192Z] [rules] created release projects/kazeapp/releases/firebase.storage/kazeapp.appspot.com
[info] ✔  storage: released rules storage.rules to firebase.storage/kazeapp.appspot.com
[debug] [2018-07-15T17:30:23.193Z] [rules] releasing cloud.firestore with ruleset projects/kazeapp/rulesets/37a35bab-37fa-4c03-b0da-e6126da56b43
[debug] [2018-07-15T17:30:23.193Z] >>> HTTP REQUEST PATCH https://firebaserules.googleapis.com/v1/projects/kazeapp/releases/cloud.firestore  
 { release: 
   { name: 'projects/kazeapp/releases/cloud.firestore',
     rulesetName: 'projects/kazeapp/rulesets/37a35bab-37fa-4c03-b0da-e6126da56b43' } } 
 Mon Jul 16 2018 02:30:23 GMT+0900 (JST)
[debug] [2018-07-15T17:30:24.383Z] <<< HTTP RESPONSE 200
[debug] [2018-07-15T17:30:24.383Z] [rules] updated release projects/kazeapp/releases/cloud.firestore
[info] ✔  firestore: released rules firestore.rules to cloud.firestore
[debug] [2018-07-15T17:30:24.385Z] >>> HTTP REQUEST GET https://cloudfunctions.googleapis.com/v1/projects/kazeapp/locations/us-central1/functions  
  
 Mon Jul 16 2018 02:30:24 GMT+0900 (JST)
